c:\users\user\onedrive\υπολογιστής\c+++\beatthecoronapositivedonuts\beatthecoronapositivedonuts\x64\debug\corona.obj
c:\users\user\onedrive\υπολογιστής\c+++\beatthecoronapositivedonuts\beatthecoronapositivedonuts\x64\debug\gameobject.obj
c:\users\user\onedrive\υπολογιστής\c+++\beatthecoronapositivedonuts\beatthecoronapositivedonuts\x64\debug\main.obj
c:\users\user\onedrive\υπολογιστής\3190003-3190167\beatthecoronapositivedonuts\beatthecoronapositivedonuts\x64\debug\vc142.pdb
c:\users\user\onedrive\υπολογιστής\3190003-3190167\beatthecoronapositivedonuts\beatthecoronapositivedonuts\x64\debug\vc142.idb
c:\users\user\onedrive\υπολογιστής\3190003-3190167\beatthecoronapositivedonuts\beatthecoronapositivedonuts\x64\debug\player.obj
c:\users\user\onedrive\υπολογιστής\3190003-3190167\beatthecoronapositivedonuts\beatthecoronapositivedonuts\x64\debug\oranges.obj
c:\users\user\onedrive\υπολογιστής\3190003-3190167\beatthecoronapositivedonuts\beatthecoronapositivedonuts\x64\debug\main.obj
c:\users\user\onedrive\υπολογιστής\3190003-3190167\beatthecoronapositivedonuts\beatthecoronapositivedonuts\x64\debug\gameobject.obj
c:\users\user\onedrive\υπολογιστής\3190003-3190167\beatthecoronapositivedonuts\beatthecoronapositivedonuts\x64\debug\game.obj
c:\users\user\onedrive\υπολογιστής\3190003-3190167\beatthecoronapositivedonuts\beatthecoronapositivedonuts\x64\debug\enemies.obj
c:\users\user\onedrive\υπολογιστής\3190003-3190167\beatthecoronapositivedonuts\beatthecoronapositivedonuts\x64\debug\corona.obj
c:\users\user\onedrive\υπολογιστής\c+++\beatthecoronapositivedonuts\bin\beatthecoronapositivedonutsd.exe
c:\users\user\onedrive\υπολογιστής\c+++\beatthecoronapositivedonuts\bin\beatthecoronapositivedonutsd.ilk
c:\users\user\onedrive\υπολογιστής\c+++\beatthecoronapositivedonuts\bin\beatthecoronapositivedonutsd.pdb
c:\users\user\onedrive\υπολογιστής\3190003-3190167\beatthecoronapositivedonuts\bin\beatthecoronapositivedonutsd.exe
c:\users\user\onedrive\υπολογιστής\3190003-3190167\beatthecoronapositivedonuts\bin\beatthecoronapositivedonutsd.ilk
c:\users\user\onedrive\υπολογιστής\3190003-3190167\beatthecoronapositivedonuts\bin\beatthecoronapositivedonutsd.pdb
c:\users\user\onedrive\υπολογιστής\3190003-3190167\beatthecoronapositivedonuts\beatthecoronapositivedonuts\x64\debug\beatthecoronapositivedonuts.res
c:\users\user\onedrive\υπολογιστής\ホモの人\c\beatthecoronapositivedonuts\beatthecoronapositivedonuts\x64\debug\corona.obj
c:\users\user\onedrive\υπολογιστής\ホモの人\c\beatthecoronapositivedonuts\beatthecoronapositivedonuts\x64\debug\enemies.obj
c:\users\user\onedrive\υπολογιστής\ホモの人\c\beatthecoronapositivedonuts\beatthecoronapositivedonuts\x64\debug\game.obj
c:\users\user\onedrive\υπολογιστής\ホモの人\c\beatthecoronapositivedonuts\beatthecoronapositivedonuts\x64\debug\gameobject.obj
c:\users\user\onedrive\υπολογιστής\ホモの人\c\beatthecoronapositivedonuts\beatthecoronapositivedonuts\x64\debug\main.obj
c:\users\user\onedrive\υπολογιστής\ホモの人\c\beatthecoronapositivedonuts\beatthecoronapositivedonuts\x64\debug\oranges.obj
c:\users\user\onedrive\υπολογιστής\ホモの人\c\beatthecoronapositivedonuts\beatthecoronapositivedonuts\x64\debug\player.obj
c:\users\user\onedrive\υπολογιστής\ホモの人\c\beatthecoronapositivedonuts\beatthecoronapositivedonuts\x64\debug\beatthecoronapositivedonuts.res
c:\users\user\onedrive\υπολογιστής\ホモの人\c\beatthecoronapositivedonuts\beatthecoronapositivedonuts\x64\debug\vc142.idb
c:\users\user\onedrive\υπολογιστής\ホモの人\c\beatthecoronapositivedonuts\beatthecoronapositivedonuts\x64\debug\vc142.pdb
c:\users\user\onedrive\υπολογιστής\ホモの人\c\beatthecoronapositivedonuts\bin\beatthecoronapositivedonutsd.pdb
c:\users\user\onedrive\υπολογιστής\ホモの人\c\beatthecoronapositivedonuts\bin\beatthecoronapositivedonutsd.exe
c:\users\user\onedrive\υπολογιστής\ホモの人\c\beatthecoronapositivedonuts\bin\beatthecoronapositivedonutsd.ilk
c:\users\user\onedrive\υπολογιστής\ホモの人\c\beatthecoronapositivedonuts\beatthecoronapositivedonuts\x64\debug\beatthec.ebea6513.tlog\cl.command.1.tlog
c:\users\user\onedrive\υπολογιστής\ホモの人\c\beatthecoronapositivedonuts\beatthecoronapositivedonuts\x64\debug\beatthec.ebea6513.tlog\cl.read.1.tlog
c:\users\user\onedrive\υπολογιστής\ホモの人\c\beatthecoronapositivedonuts\beatthecoronapositivedonuts\x64\debug\beatthec.ebea6513.tlog\cl.write.1.tlog
c:\users\user\onedrive\υπολογιστής\ホモの人\c\beatthecoronapositivedonuts\beatthecoronapositivedonuts\x64\debug\beatthec.ebea6513.tlog\link.command.1.tlog
c:\users\user\onedrive\υπολογιστής\ホモの人\c\beatthecoronapositivedonuts\beatthecoronapositivedonuts\x64\debug\beatthec.ebea6513.tlog\link.read.1.tlog
c:\users\user\onedrive\υπολογιστής\ホモの人\c\beatthecoronapositivedonuts\beatthecoronapositivedonuts\x64\debug\beatthec.ebea6513.tlog\link.write.1.tlog
c:\users\user\onedrive\υπολογιστής\ホモの人\c\beatthecoronapositivedonuts\beatthecoronapositivedonuts\x64\debug\beatthec.ebea6513.tlog\rc.command.1.tlog
c:\users\user\onedrive\υπολογιστής\ホモの人\c\beatthecoronapositivedonuts\beatthecoronapositivedonuts\x64\debug\beatthec.ebea6513.tlog\rc.read.1.tlog
c:\users\user\onedrive\υπολογιστής\ホモの人\c\beatthecoronapositivedonuts\beatthecoronapositivedonuts\x64\debug\beatthec.ebea6513.tlog\rc.write.1.tlog
