  corona.cpp
  enemies.cpp
  game.cpp
C:\Users\user\OneDrive\Υπολογιστής\dotdot\c++\C++\BeatTheCoronaPositiveDonuts\BeatTheCoronaPositiveDonuts\game.cpp(510,33): warning C4244: 'argument': conversion from 'int' to 'float', possible loss of data
C:\Users\user\OneDrive\Υπολογιστής\dotdot\c++\C++\BeatTheCoronaPositiveDonuts\BeatTheCoronaPositiveDonuts\game.cpp(511,33): warning C4244: 'argument': conversion from 'int' to 'float', possible loss of data
  gameobject.cpp
  main.cpp
  oranges.cpp
  player.cpp
  Generating Code...
C:\Users\user\OneDrive\Υπολογιστής\dotdot\c++\C++\BeatTheCoronaPositiveDonuts\BeatTheCoronaPositiveDonuts\game.cpp(714): warning C4715: 'Game::checkCollision2': not all control paths return a value
C:\Users\user\OneDrive\Υπολογιστής\dotdot\c++\C++\BeatTheCoronaPositiveDonuts\BeatTheCoronaPositiveDonuts\game.cpp(691): warning C4715: 'Game::checkCollision': not all control paths return a value
sggd.lib(AudioManager.obj) : warning LNK4099: PDB 'sggd.pdb' was not found with 'sggd.lib(AudioManager.obj)' or at 'C:\Users\user\OneDrive\Υπολογιστής\dotdot\c++\C++\BeatTheCoronaPositiveDonuts\bin\sggd.pdb'; linking object as if no debug info
sggd.lib(fonts.obj) : warning LNK4099: PDB 'sggd.pdb' was not found with 'sggd.lib(fonts.obj)' or at 'C:\Users\user\OneDrive\Υπολογιστής\dotdot\c++\C++\BeatTheCoronaPositiveDonuts\bin\sggd.pdb'; linking object as if no debug info
sggd.lib(GLbackend.obj) : warning LNK4099: PDB '' was not found with 'sggd.lib(GLbackend.obj)' or at ''; linking object as if no debug info
sggd.lib(graphics.obj) : warning LNK4099: PDB '' was not found with 'sggd.lib(graphics.obj)' or at ''; linking object as if no debug info
sggd.lib(lodepng.obj) : warning LNK4099: PDB 'sggd.pdb' was not found with 'sggd.lib(lodepng.obj)' or at 'C:\Users\user\OneDrive\Υπολογιστής\dotdot\c++\C++\BeatTheCoronaPositiveDonuts\bin\sggd.pdb'; linking object as if no debug info
sggd.lib(shader.obj) : warning LNK4099: PDB '' was not found with 'sggd.lib(shader.obj)' or at ''; linking object as if no debug info
sggd.lib(texture.obj) : warning LNK4099: PDB '' was not found with 'sggd.lib(texture.obj)' or at ''; linking object as if no debug info
  BeatTheCoronaPositiveDonuts.vcxproj -> C:\Users\user\OneDrive\Υπολογιστής\dotdot\c++\C++\BeatTheCoronaPositiveDonuts\bin\BeatTheCoronaPositiveDonutsd.exe
