c:\users\user\onedrive\υπολογιστής\3190003-3190167\beatthecoronapositivedonuts\bin\beatthecoronapositivedonuts.ipdb
c:\users\user\onedrive\υπολογιστής\3190003-3190167\beatthecoronapositivedonuts\bin\beatthecoronapositivedonuts.iobj
c:\users\user\onedrive\υπολογιστής\3190003-3190167\beatthecoronapositivedonuts\beatthecoronapositivedonuts\x64\release\vc142.pdb
c:\users\user\onedrive\υπολογιστής\3190003-3190167\beatthecoronapositivedonuts\beatthecoronapositivedonuts\x64\release\player.obj
c:\users\user\onedrive\υπολογιστής\3190003-3190167\beatthecoronapositivedonuts\beatthecoronapositivedonuts\x64\release\oranges.obj
c:\users\user\onedrive\υπολογιστής\3190003-3190167\beatthecoronapositivedonuts\beatthecoronapositivedonuts\x64\release\main.obj
c:\users\user\onedrive\υπολογιστής\3190003-3190167\beatthecoronapositivedonuts\beatthecoronapositivedonuts\x64\release\gameobject.obj
c:\users\user\onedrive\υπολογιστής\3190003-3190167\beatthecoronapositivedonuts\beatthecoronapositivedonuts\x64\release\game.obj
c:\users\user\onedrive\υπολογιστής\3190003-3190167\beatthecoronapositivedonuts\beatthecoronapositivedonuts\x64\release\enemies.obj
c:\users\user\onedrive\υπολογιστής\3190003-3190167\beatthecoronapositivedonuts\beatthecoronapositivedonuts\x64\release\corona.obj
c:\users\user\onedrive\υπολογιστής\3190003-3190167\beatthecoronapositivedonuts\bin\beatthecoronapositivedonuts.exe
c:\users\user\onedrive\υπολογιστής\3190003-3190167\beatthecoronapositivedonuts\bin\beatthecoronapositivedonuts.pdb
c:\users\user\onedrive\υπολογιστής\3190003-3190167\beatthecoronapositivedonuts\beatthecoronapositivedonuts\x64\release\beatthecoronapositivedonuts.res
c:\users\user\onedrive\υπολογιστής\ホモの人\c\beatthecoronapositivedonuts\beatthecoronapositivedonuts\x64\release\corona.obj
c:\users\user\onedrive\υπολογιστής\ホモの人\c\beatthecoronapositivedonuts\beatthecoronapositivedonuts\x64\release\enemies.obj
c:\users\user\onedrive\υπολογιστής\ホモの人\c\beatthecoronapositivedonuts\beatthecoronapositivedonuts\x64\release\game.obj
c:\users\user\onedrive\υπολογιστής\ホモの人\c\beatthecoronapositivedonuts\beatthecoronapositivedonuts\x64\release\gameobject.obj
c:\users\user\onedrive\υπολογιστής\ホモの人\c\beatthecoronapositivedonuts\beatthecoronapositivedonuts\x64\release\main.obj
c:\users\user\onedrive\υπολογιστής\ホモの人\c\beatthecoronapositivedonuts\beatthecoronapositivedonuts\x64\release\oranges.obj
c:\users\user\onedrive\υπολογιστής\ホモの人\c\beatthecoronapositivedonuts\beatthecoronapositivedonuts\x64\release\player.obj
c:\users\user\onedrive\υπολογιστής\ホモの人\c\beatthecoronapositivedonuts\beatthecoronapositivedonuts\x64\release\beatthecoronapositivedonuts.res
c:\users\user\onedrive\υπολογιστής\ホモの人\c\beatthecoronapositivedonuts\beatthecoronapositivedonuts\x64\release\vc142.pdb
c:\users\user\onedrive\υπολογιστής\ホモの人\c\beatthecoronapositivedonuts\bin\beatthecoronapositivedonuts.pdb
c:\users\user\onedrive\υπολογιστής\ホモの人\c\beatthecoronapositivedonuts\bin\beatthecoronapositivedonuts.exe
c:\users\user\onedrive\υπολογιστής\ホモの人\c\beatthecoronapositivedonuts\beatthecoronapositivedonuts\x64\release\beatthec.ebea6513.tlog\beatthecoronapositivedonuts.write.1u.tlog
c:\users\user\onedrive\υπολογιστής\ホモの人\c\beatthecoronapositivedonuts\beatthecoronapositivedonuts\x64\release\beatthec.ebea6513.tlog\cl.command.1.tlog
c:\users\user\onedrive\υπολογιστής\ホモの人\c\beatthecoronapositivedonuts\beatthecoronapositivedonuts\x64\release\beatthec.ebea6513.tlog\cl.read.1-laptop-kqqn28hb.tlog
c:\users\user\onedrive\υπολογιστής\ホモの人\c\beatthecoronapositivedonuts\beatthecoronapositivedonuts\x64\release\beatthec.ebea6513.tlog\cl.write.1-laptop-kqqn28hb.tlog
c:\users\user\onedrive\υπολογιστής\ホモの人\c\beatthecoronapositivedonuts\beatthecoronapositivedonuts\x64\release\beatthec.ebea6513.tlog\link.command.1.tlog
c:\users\user\onedrive\υπολογιστής\ホモの人\c\beatthecoronapositivedonuts\beatthecoronapositivedonuts\x64\release\beatthec.ebea6513.tlog\link.read.1-laptop-kqqn28hb.tlog
c:\users\user\onedrive\υπολογιστής\ホモの人\c\beatthecoronapositivedonuts\beatthecoronapositivedonuts\x64\release\beatthec.ebea6513.tlog\link.write.1.tlog
c:\users\user\onedrive\υπολογιστής\ホモの人\c\beatthecoronapositivedonuts\beatthecoronapositivedonuts\x64\release\beatthec.ebea6513.tlog\rc.command.1.tlog
c:\users\user\onedrive\υπολογιστής\ホモの人\c\beatthecoronapositivedonuts\beatthecoronapositivedonuts\x64\release\beatthec.ebea6513.tlog\rc.read.1.tlog
c:\users\user\onedrive\υπολογιστής\ホモの人\c\beatthecoronapositivedonuts\beatthecoronapositivedonuts\x64\release\beatthec.ebea6513.tlog\rc.write.1.tlog
